<?xml version="1.0" encoding="UTF-8"?>
<testsuite xmlns:xsi="http://www.w3.org/2001/XMLSchema-instance" xsi:noNamespaceSchemaLocation="https://maven.apache.org/surefire/maven-surefire-plugin/xsd/surefire-test-report-3.0.xsd" version="3.0" name="runner.TestRunner" time="2.801" tests="9" errors="0" skipped="0" failures="0">
  <properties>
[...]
</properties>
  <testcase name="User Registration" classname="Grocery Store Management API Testing" time="1.606">
    <system-out><![CDATA[
Scenario: User Registration                                                    &amp#27;[90m# src/test/resources/features/grocery.feature:3&amp#27;[0m
  &amp#27;[32mGiven &amp#27;[0m&amp#27;[32mthe API is running&amp#27;[0m                                                     &amp#27;[90m# stepdefinition.GroceryManagementSteps.the_api_is_running()&amp#27;[0m
  &amp#27;[32mWhen &amp#27;[0m&amp#27;[32mI register a new user with username &amp#27;[0m&amp#27;[32m&amp#27;[1m"Siri"&amp#27;[0m&amp#27;[32m and email &amp#27;[0m&amp#27;[32m&amp#27;[1m"Siri@example.com"&amp#27;[0m &amp#27;[90m# stepdefinition.GroceryManagementSteps.i_register_a_new_user_with_username_and_email(java.lang.String,java.lang.String)&amp#27;[0m
  &amp#27;[32mThen &amp#27;[0m&amp#27;[32mthe user should be successfully registered with status code &amp#27;[0m&amp#27;[32m&amp#27;[1m201&amp#27;[0m         &amp#27;[90m# stepdefinition.GroceryManagementSteps.the_user_should_be_successfully_registered_with_status_code(java.lang.Integer)&amp#27;[0m
]]></system-out>
  </testcase>
  <testcase name="User Login" classname="Grocery Store Management API Testing" time="0.029">
    <system-out><![CDATA[
Scenario: User Login                                               &amp#27;[90m# src/test/resources/features/grocery.feature:8&amp#27;[0m
  &amp#27;[32mGiven &amp#27;[0m&amp#27;[32mthe API is running&amp#27;[0m                                         &amp#27;[90m# stepdefinition.GroceryManagementSteps.the_api_is_running()&amp#27;[0m
  &amp#27;[32mWhen &amp#27;[0m&amp#27;[32mI log in with username &amp#27;[0m&amp#27;[32m&amp#27;[1m"Mounika"&amp#27;[0m&amp#27;[32m and password &amp#27;[0m&amp#27;[32m&amp#27;[1m"Mounika@123"&amp#27;[0m &amp#27;[90m# stepdefinition.GroceryManagementSteps.i_log_in_with_username_and_password(java.lang.String,java.lang.String)&amp#27;[0m
  &amp#27;[32mThen &amp#27;[0m&amp#27;[32mthe login should be successful with status code &amp#27;[0m&amp#27;[32m&amp#27;[1m200&amp#27;[0m         &amp#27;[90m# stepdefinition.GroceryManagementSteps.the_login_should_be_successful_with_status_code(java.lang.Integer)&amp#27;[0m
]]></system-out>
  </testcase>
  <testcase name="Add a new product" classname="Grocery Store Management API Testing" time="0.016">
    <system-out><![CDATA[
Scenario: Add a new product                                                                     &amp#27;[90m# src/test/resources/features/grocery.feature:13&amp#27;[0m
  &amp#27;[32mGiven &amp#27;[0m&amp#27;[32mthe API is running&amp#27;[0m                                                                      &amp#27;[90m# stepdefinition.GroceryManagementSteps.the_api_is_running()&amp#27;[0m
  &amp#27;[32mWhen &amp#27;[0m&amp#27;[32mI add a product with name &amp#27;[0m&amp#27;[32m&amp#27;[1m"Apple"&amp#27;[0m&amp#27;[32m, category &amp#27;[0m&amp#27;[32m&amp#27;[1m"Fruits"&amp#27;[0m&amp#27;[32m, price &amp#27;[0m&amp#27;[32m&amp#27;[1m10.0&amp#27;[0m&amp#27;[32m, and stock quantity &amp#27;[0m&amp#27;[32m&amp#27;[1m100&amp#27;[0m &amp#27;[90m# stepdefinition.GroceryManagementSteps.i_add_a_product_with_name_category_price_and_stock_quantity(java.lang.String,java.lang.String,java.lang.Double,java.lang.Integer)&amp#27;[0m
  &amp#27;[32mThen &amp#27;[0m&amp#27;[32mthe product should be successfully added with status code &amp#27;[0m&amp#27;[32m&amp#27;[1m201&amp#27;[0m                            &amp#27;[90m# stepdefinition.GroceryManagementSteps.the_product_should_be_successfully_added_with_status_code(java.lang.Integer)&amp#27;[0m
]]></system-out>
  </testcase>
  <testcase name="Search for a product" classname="Grocery Store Management API Testing" time="0.033">
    <system-out><![CDATA[
Scenario: Search for a product                               &amp#27;[90m# src/test/resources/features/grocery.feature:18&amp#27;[0m
  &amp#27;[32mGiven &amp#27;[0m&amp#27;[32mthe API is running&amp#27;[0m                                   &amp#27;[90m# stepdefinition.GroceryManagementSteps.the_api_is_running()&amp#27;[0m
  &amp#27;[32mWhen &amp#27;[0m&amp#27;[32mI search for products with name &amp#27;[0m&amp#27;[32m&amp#27;[1m"Mango"&amp#27;[0m               &amp#27;[90m# stepdefinition.GroceryManagementSteps.i_search_for_products_with_name(java.lang.String)&amp#27;[0m
  &amp#27;[32mThen &amp#27;[0m&amp#27;[32mI should get the product details with status code &amp#27;[0m&amp#27;[32m&amp#27;[1m200&amp#27;[0m &amp#27;[90m# stepdefinition.GroceryManagementSteps.i_should_get_the_product_details_with_status_code(java.lang.Integer)&amp#27;[0m
]]></system-out>
  </testcase>
  <testcase name="Place an order" classname="Grocery Store Management API Testing" time="0.041">
    <system-out><![CDATA[
Scenario: Place an order                                                             &amp#27;[90m# src/test/resources/features/grocery.feature:23&amp#27;[0m
  &amp#27;[32mGiven &amp#27;[0m&amp#27;[32mthe API is running&amp#27;[0m                                                           &amp#27;[90m# stepdefinition.GroceryManagementSteps.the_api_is_running()&amp#27;[0m
  &amp#27;[32mWhen &amp#27;[0m&amp#27;[32mI place an order with userId &amp#27;[0m&amp#27;[32m&amp#27;[1m1&amp#27;[0m&amp#27;[32m, productId &amp#27;[0m&amp#27;[32m&amp#27;[1m1&amp#27;[0m&amp#27;[32m, quantity &amp#27;[0m&amp#27;[32m&amp#27;[1m5&amp#27;[0m&amp#27;[32m, and totalPrice &amp#27;[0m&amp#27;[32m&amp#27;[1m500.0&amp#27;[0m &amp#27;[90m# stepdefinition.GroceryManagementSteps.i_place_an_order_with_userId_productId_quantity_and_totalPrice(java.lang.Integer,java.lang.Integer,java.lang.Integer,java.lang.Double)&amp#27;[0m
  &amp#27;[32mThen &amp#27;[0m&amp#27;[32mthe order should be successfully created with status code &amp#27;[0m&amp#27;[32m&amp#27;[1m201&amp#27;[0m                 &amp#27;[90m# stepdefinition.GroceryManagementSteps.the_order_should_be_successfully_created_with_status_code(java.lang.Integer)&amp#27;[0m
]]></system-out>
  </testcase>
  <testcase name="Delete a user by user ID" classname="Grocery Store Management API Testing" time="0.021">
    <system-out><![CDATA[
Scenario: Delete a user by user ID                                  &amp#27;[90m# src/test/resources/features/grocery.feature:28&amp#27;[0m
  &amp#27;[32mGiven &amp#27;[0m&amp#27;[32mthe API is running&amp#27;[0m                                          &amp#27;[90m# stepdefinition.GroceryManagementSteps.the_api_is_running()&amp#27;[0m
  &amp#27;[32mWhen &amp#27;[0m&amp#27;[32mI delete the user with ID &amp#27;[0m&amp#27;[32m&amp#27;[1m2&amp#27;[0m                                  &amp#27;[90m# stepdefinition.GroceryManagementSteps.i_delete_the_user_with_ID(java.lang.Integer)&amp#27;[0m
  &amp#27;[32mThen &amp#27;[0m&amp#27;[32mthe user should be successfully deleted with status code &amp#27;[0m&amp#27;[32m&amp#27;[1m204&amp#27;[0m &amp#27;[90m# stepdefinition.GroceryManagementSteps.the_user_should_be_successfully_deleted_with_status_code(java.lang.Integer)&amp#27;[0m
]]></system-out>
  </testcase>
  <testcase name="Filter products by category" classname="Grocery Store Management API Testing" time="0.424">
    <system-out><![CDATA[
Scenario: Filter products by category                                                  &amp#27;[90m# src/test/resources/features/grocery.feature:33&amp#27;[0m
  &amp#27;[32mGiven &amp#27;[0m&amp#27;[32mthe API is running&amp#27;[0m                                                             &amp#27;[90m# stepdefinition.GroceryManagementSteps.the_api_is_running()&amp#27;[0m
  &amp#27;[32mWhen &amp#27;[0m&amp#27;[32mI filter the products by category &amp#27;[0m&amp#27;[32m&amp#27;[1m"Food"&amp#27;[0m                                        &amp#27;[90m# stepdefinition.GroceryManagementSteps.i_filter_the_products_by_category(java.lang.String)&amp#27;[0m
  &amp#27;[32mThen &amp#27;[0m&amp#27;[32mI should receive a list of products in the &amp#27;[0m&amp#27;[32m&amp#27;[1m"Food"&amp#27;[0m&amp#27;[32m category with status code &amp#27;[0m&amp#27;[32m&amp#27;[1m200&amp#27;[0m &amp#27;[90m# stepdefinition.GroceryManagementSteps.i_should_receive_a_list_of_products_in_the_category_with_status_code(java.lang.String,java.lang.Integer)&amp#27;[0m
]]></system-out>
  </testcase>
  <testcase name="Update user profile by user ID" classname="Grocery Store Management API Testing" time="0.027">
    <system-out><![CDATA[
Scenario: Update user profile by user ID                            &amp#27;[90m# src/test/resources/features/grocery.feature:38&amp#27;[0m
  &amp#27;[32mGiven &amp#27;[0m&amp#27;[32mthe API is running&amp#27;[0m                                          &amp#27;[90m# stepdefinition.GroceryManagementSteps.the_api_is_running()&amp#27;[0m
  &amp#27;[32mWhen &amp#27;[0m&amp#27;[32mI update the user with ID &amp#27;[0m&amp#27;[32m&amp#27;[1m4&amp#27;[0m                                  &amp#27;[90m# stepdefinition.GroceryManagementSteps.i_update_the_user_with_ID(java.lang.Integer)&amp#27;[0m
  &amp#27;[32mThen &amp#27;[0m&amp#27;[32mthe user should be successfully deleted with status code &amp#27;[0m&amp#27;[32m&amp#27;[1m200&amp#27;[0m &amp#27;[90m# stepdefinition.GroceryManagementSteps.the_user_should_be_successfully_deleted_with_status_code(java.lang.Integer)&amp#27;[0m
]]></system-out>
  </testcase>
  <testcase name="Get order details by order ID" classname="Grocery Store Management API Testing" time="0.023">
    <system-out><![CDATA[
Scenario: Get order details by order ID                        &amp#27;[90m# src/test/resources/features/grocery.feature:43&amp#27;[0m
  &amp#27;[32mGiven &amp#27;[0m&amp#27;[32mthe API is running&amp#27;[0m                                     &amp#27;[90m# stepdefinition.GroceryManagementSteps.the_api_is_running()&amp#27;[0m
  &amp#27;[32mWhen &amp#27;[0m&amp#27;[32mI get the orders by ID &amp#27;[0m&amp#27;[32m&amp#27;[1m5&amp#27;[0m                                &amp#27;[90m# stepdefinition.GroceryManagementSteps.i_get_the_orders_by_ID(java.lang.Integer)&amp#27;[0m
  &amp#27;[32mThen &amp#27;[0m&amp#27;[32mI should get the order details with the status code &amp#27;[0m&amp#27;[32m&amp#27;[1m200&amp#27;[0m &amp#27;[90m# stepdefinition.GroceryManagementSteps.i_should_get_the_order_details_with_the_status_code(java.lang.Integer)&amp#27;[0m
]]></system-out>
  </testcase>
</testsuite>